android/app/build/intermediates/manifest_merge_blame_file/release/manifest-merger-blame-release-report.txt
1<?xml version="1.0" encoding="utf-8"?>
2<manifest xmlns:android="http://schemas.android.com/apk/res/android"
3    package="com.frameapp"
4    android:versionCode="1"
5    android:versionName="1.0" >
6
7    <uses-sdk
8        android:minSdkVersion="21"
8-->src/main/AndroidManifest.xml
9        android:targetSdkVersion="33" />
9-->src/main/AndroidManifest.xml
10
11    <uses-permission android:name="android.permission.INTERNET" />
11-->src/main/AndroidManifest.xml:3:5-67
11-->src/main/AndroidManifest.xml:3:22-64
12    <uses-permission android:name="android.permission.CAMERA" />
12-->src/main/AndroidManifest.xml:4:9-69
12-->src/main/AndroidManifest.xml:4:26-66
13    <uses-permission android:name="android.permission.WRITE_EXTERNAL_STORAGE" />
13-->src/main/AndroidManifest.xml:5:5-81
13-->src/main/AndroidManifest.xml:5:22-78
14    <uses-permission android:name="android.permission.READ_EXTERNAL_STORAGE" />
14-->src/main/AndroidManifest.xml:6:5-80
14-->src/main/AndroidManifest.xml:6:22-77
15    <uses-permission android:name="android.permission.ACCESS_NETWORK_STATE" />
15-->[:react-native-community_netinfo] AndroidManifest.xml:9:5-79
15-->[:react-native-community_netinfo] AndroidManifest.xml:9:22-76
16    <uses-permission android:name="android.permission.ACCESS_WIFI_STATE" />
16-->[:react-native-community_netinfo] AndroidManifest.xml:10:5-76
16-->[:react-native-community_netinfo] AndroidManifest.xml:10:22-73
17
18    <queries>
18-->[:react-native-image-crop-picker] AndroidManifest.xml:9:5-13:15
19        <intent>
19-->[:react-native-image-crop-picker] AndroidManifest.xml:10:9-12:18
20            <action android:name="android.media.action.IMAGE_CAPTURE" />
20-->[:react-native-image-crop-picker] AndroidManifest.xml:11:13-73
20-->[:react-native-image-crop-picker] AndroidManifest.xml:11:21-70
21        </intent>
22    </queries>
23
24    <application
24-->src/main/AndroidManifest.xml:8:5-28:19
25        android:name="com.frameapp.MainApplication"
25-->src/main/AndroidManifest.xml:9:7-38
26        android:allowBackup="false"
26-->src/main/AndroidManifest.xml:14:9-36
27        android:appComponentFactory="androidx.core.app.CoreComponentFactory"
27-->[androidx.core:core:1.7.0] AndroidManifest.xml:24:18-86
28        android:icon="@mipmap/ic_launcher"
28-->src/main/AndroidManifest.xml:11:7-41
29        android:label="@string/app_name"
29-->src/main/AndroidManifest.xml:10:7-39
30        android:roundIcon="@mipmap/ic_launcher_round"
30-->src/main/AndroidManifest.xml:13:9-54
31        android:theme="@style/AppTheme"
31-->src/main/AndroidManifest.xml:15:7-38
32        android:usesCleartextTraffic="true" >
32-->src/main/AndroidManifest.xml:12:9-44
33        <activity
33-->src/main/AndroidManifest.xml:16:7-27:18
34            android:name="com.frameapp.MainActivity"
34-->src/main/AndroidManifest.xml:17:9-37
35            android:configChanges="keyboard|keyboardHidden|orientation|screenLayout|screenSize|smallestScreenSize|uiMode"
35-->src/main/AndroidManifest.xml:19:9-118
36            android:exported="true"
36-->src/main/AndroidManifest.xml:22:9-32
37            android:label="@string/app_name"
37-->src/main/AndroidManifest.xml:18:9-41
38            android:launchMode="singleTask"
38-->src/main/AndroidManifest.xml:20:9-40
39            android:windowSoftInputMode="adjustResize" >
39-->src/main/AndroidManifest.xml:21:9-51
40            <intent-filter>
40-->src/main/AndroidManifest.xml:23:9-26:25
41                <action android:name="android.intent.action.MAIN" />
41-->src/main/AndroidManifest.xml:24:13-65
41-->src/main/AndroidManifest.xml:24:21-62
42
43                <category android:name="android.intent.category.LAUNCHER" />
43-->src/main/AndroidManifest.xml:25:13-73
43-->src/main/AndroidManifest.xml:25:23-70
44            </intent-filter>
45        </activity>
46
47        <provider
47-->[:react-native-image-crop-picker] AndroidManifest.xml:18:9-26:20
48            android:name="com.reactnative.ivpusic.imagepicker.IvpusicImagePickerFileProvider"
48-->[:react-native-image-crop-picker] AndroidManifest.xml:19:13-94
49            android:authorities="com.frameapp.provider"
49-->[:react-native-image-crop-picker] AndroidManifest.xml:20:13-60
50            android:exported="false"
50-->[:react-native-image-crop-picker] AndroidManifest.xml:21:13-37
51            android:grantUriPermissions="true" >
51-->[:react-native-image-crop-picker] AndroidManifest.xml:22:13-47
52            <meta-data
52-->[:react-native-image-crop-picker] AndroidManifest.xml:23:13-25:78
53                android:name="android.support.FILE_PROVIDER_PATHS"
53-->[:react-native-image-crop-picker] AndroidManifest.xml:24:17-67
54                android:resource="@xml/ivpusic_imagepicker_provider_paths" />
54-->[:react-native-image-crop-picker] AndroidManifest.xml:25:17-75
55        </provider>
56
57        <activity
57-->[:react-native-image-crop-picker] AndroidManifest.xml:28:9-30:72
58            android:name="com.yalantis.ucrop.UCropActivity"
58-->[:react-native-image-crop-picker] AndroidManifest.xml:29:13-60
59            android:theme="@style/Theme.AppCompat.Light.NoActionBar" />
59-->[:react-native-image-crop-picker] AndroidManifest.xml:30:13-69
60
61        <provider
61-->[:react-native-image-picker] AndroidManifest.xml:10:9-18:20
62            android:name="com.imagepicker.ImagePickerProvider"
62-->[:react-native-image-picker] AndroidManifest.xml:11:13-63
63            android:authorities="com.frameapp.imagepickerprovider"
63-->[:react-native-image-picker] AndroidManifest.xml:12:13-71
64            android:exported="false"
64-->[:react-native-image-picker] AndroidManifest.xml:13:13-37
65            android:grantUriPermissions="true" >
65-->[:react-native-image-picker] AndroidManifest.xml:14:13-47
66            <meta-data
66-->[:react-native-image-crop-picker] AndroidManifest.xml:23:13-25:78
67                android:name="android.support.FILE_PROVIDER_PATHS"
67-->[:react-native-image-crop-picker] AndroidManifest.xml:24:17-67
68                android:resource="@xml/imagepicker_provider_paths" />
68-->[:react-native-image-crop-picker] AndroidManifest.xml:25:17-75
69        </provider>
70        <provider
70-->[androidx.emoji2:emoji2:1.0.0] AndroidManifest.xml:26:9-34:20
71            android:name="androidx.startup.InitializationProvider"
71-->[androidx.emoji2:emoji2:1.0.0] AndroidManifest.xml:27:13-67
72            android:authorities="com.frameapp.androidx-startup"
72-->[androidx.emoji2:emoji2:1.0.0] AndroidManifest.xml:28:13-68
73            android:exported="false" >
73-->[androidx.emoji2:emoji2:1.0.0] AndroidManifest.xml:29:13-37
74            <meta-data
74-->[androidx.emoji2:emoji2:1.0.0] AndroidManifest.xml:31:13-33:52
75                android:name="androidx.emoji2.text.EmojiCompatInitializer"
75-->[androidx.emoji2:emoji2:1.0.0] AndroidManifest.xml:32:17-75
76                android:value="androidx.startup" />
76-->[androidx.emoji2:emoji2:1.0.0] AndroidManifest.xml:33:17-49
77            <meta-data
77-->[androidx.lifecycle:lifecycle-process:2.4.0] AndroidManifest.xml:31:13-33:52
78                android:name="androidx.lifecycle.ProcessLifecycleInitializer"
78-->[androidx.lifecycle:lifecycle-process:2.4.0] AndroidManifest.xml:32:17-78
79                android:value="androidx.startup" />
79-->[androidx.lifecycle:lifecycle-process:2.4.0] AndroidManifest.xml:33:17-49
80        </provider>
81    </application>
82
83</manifest>